<?xml version="1.0" encoding="UTF-8"?>
<testsuite xmlns:xsi="http://www.w3.org/2001/XMLSchema-instance" xsi:noNamespaceSchemaLocation="https://maven.apache.org/surefire/maven-surefire-plugin/xsd/surefire-test-report-3.0.xsd" version="3.0" name="com.June.CourierNetwork.CourierNetworkApplicationTests" time="32.993" tests="1" errors="0" skipped="0" failures="0">
  <properties>
[...]
</properties>
  <testcase name="contextLoads" classname="com.June.CourierNetwork.CourierNetworkApplicationTests" time="1.589">
    <system-out><![CDATA[20:06:23.725 [main] INFO org.springframework.test.context.support.AnnotationConfigContextLoaderUtils -- Could not detect default configuration classes for test class [com.June.CourierNetwork.CourierNetworkApplicationTests]: CourierNetworkApplicationTests does not declare any static, non-private, non-final, nested classes annotated with @Configuration.
20:06:24.499 [main] INFO org.springframework.boot.test.context.SpringBootTestContextBootstrapper -- Found @SpringBootConfiguration com.June.CourierNetwork.CourierNetworkApplication for test class com.June.CourierNetwork.CourierNetworkApplicationTests

  .   ____          _            __ _ _
 /\\ / ___'_ __ _ _(_)_ __  __ _ \ \ \ \
( ( )\___ | '_ | '_| | '_ \/ _` | \ \ \ \
 \\/  ___)| |_)| | | | | || (_| |  ) ) ) )
  '  |____| .__|_| |_|_| |_\__, | / / / /
 =========|_|==============|___/=/_/_/_/
 :: Spring Boot ::                (v3.1.2)

2023-11-03T20:06:26.084-05:00  INFO 28459 --- [           main] c.J.C.CourierNetworkApplicationTests     : Starting CourierNetworkApplicationTests using Java 17.0.9 with PID 28459 (started by shemarlundy in /Users/shemarlundy/Desktop/Backend-Infrastructure)
2023-11-03T20:06:26.104-05:00  INFO 28459 --- [           main] c.J.C.CourierNetworkApplicationTests     : No active profile set, falling back to 1 default profile: "default"
2023-11-03T20:06:29.830-05:00  INFO 28459 --- [           main] .s.d.r.c.RepositoryConfigurationDelegate : Bootstrapping Spring Data JPA repositories in DEFAULT mode.
2023-11-03T20:06:29.924-05:00  INFO 28459 --- [           main] .s.d.r.c.RepositoryConfigurationDelegate : Finished Spring Data repository scanning in 54 ms. Found 0 JPA repository interfaces.
2023-11-03T20:06:31.602-05:00  INFO 28459 --- [           main] com.zaxxer.hikari.HikariDataSource       : HikariPool-1 - Starting...
2023-11-03T20:06:33.644-05:00  INFO 28459 --- [           main] com.zaxxer.hikari.pool.HikariPool        : HikariPool-1 - Added connection com.mysql.cj.jdbc.ConnectionImpl@5ec9eefa
2023-11-03T20:06:33.646-05:00  INFO 28459 --- [           main] com.zaxxer.hikari.HikariDataSource       : HikariPool-1 - Start completed.
2023-11-03T20:06:34.358-05:00  INFO 28459 --- [           main] liquibase.changelog                      : Reading resource: db/changelog/migration/001/001_create_user_table.sql
2023-11-03T20:06:34.376-05:00  INFO 28459 --- [           main] liquibase.changelog                      : Reading resource: db/changelog/migration/001/002_create_token_table.sql
2023-11-03T20:06:34.379-05:00  INFO 28459 --- [           main] liquibase.changelog                      : Reading resource: db/changelog/migration/001/003_create_courier_user_table.sql
2023-11-03T20:06:34.385-05:00  INFO 28459 --- [           main] liquibase.changelog                      : Reading resource: db/changelog/migration/001/004_create_warehouse_clerk_user_table.sql
2023-11-03T20:06:34.432-05:00  INFO 28459 --- [           main] liquibase.changelog                      : Reading resource: db/changelog/migration/001/005_create_customer_user_table.sql
2023-11-03T20:06:34.435-05:00  INFO 28459 --- [           main] liquibase.changelog                      : Reading resource: db/changelog/migration/001/006_create_shipment_table.sql
2023-11-03T20:06:34.438-05:00  INFO 28459 --- [           main] liquibase.changelog                      : Reading resource: db/changelog/migration/001/007_create_admin_user_table.sql
2023-11-03T20:06:34.441-05:00  INFO 28459 --- [           main] liquibase.changelog                      : Reading resource: db/changelog/migration/001/008_create_customer_package_details_table.sql
2023-11-03T20:06:34.446-05:00  INFO 28459 --- [           main] liquibase.changelog                      : Reading resource: db/changelog/migration/001/009_create_delivery_details_table.sql
2023-11-03T20:06:34.449-05:00  INFO 28459 --- [           main] liquibase.changelog                      : Reading resource: db/changelog/migration/001/010_alter_delivery_details_table.sql
2023-11-03T20:06:34.454-05:00  INFO 28459 --- [           main] liquibase.changelog                      : Reading resource: db/changelog/migration/001/011_alter_delivery_details_table.sql
2023-11-03T20:06:34.459-05:00  INFO 28459 --- [           main] liquibase.changelog                      : Reading resource: db/changelog/migration/001/012_create_transaction_table.sql
2023-11-03T20:06:34.461-05:00  INFO 28459 --- [           main] liquibase.changelog                      : Reading resource: db/changelog/migration/001/013_create_transaction_product_table.sql
2023-11-03T20:06:34.465-05:00  INFO 28459 --- [           main] liquibase.changelog                      : Reading resource: db/changelog/migration/001/014_create_delivery_product_table.sql
2023-11-03T20:06:34.470-05:00  INFO 28459 --- [           main] liquibase.changelog                      : Reading resource: db/changelog/migration/001/015_alter_delivery_details_table_drop_product_id.sql
2023-11-03T20:06:34.473-05:00  INFO 28459 --- [           main] liquibase.changelog                      : Reading resource: db/changelog/migration/001/016_alter_customer_package_details.sql
2023-11-03T20:06:34.478-05:00  INFO 28459 --- [           main] liquibase.changelog                      : Reading resource: db/changelog/migration/001/017_alter_delivery_details_table_shipping_fee.sql
2023-11-03T20:06:34.482-05:00  INFO 28459 --- [           main] liquibase.changelog                      : Reading resource: db/changelog/migration/001/018_alter_delivery_details.sql
2023-11-03T20:06:34.486-05:00  INFO 28459 --- [           main] liquibase.changelog                      : Reading resource: db/changelog/migration/001/019_alter_customer_package_details.sql
2023-11-03T20:06:35.754-05:00  INFO 28459 --- [           main] liquibase.executor                       : Changelog query completed.
2023-11-03T20:06:35.897-05:00  INFO 28459 --- [           main] liquibase.executor                       : Changelog query completed.
2023-11-03T20:06:36.424-05:00  INFO 28459 --- [           main] liquibase.executor                       : Changelog query completed.
2023-11-03T20:06:36.533-05:00  INFO 28459 --- [           main] liquibase.executor                       : Changelog query completed.
2023-11-03T20:06:36.593-05:00  INFO 28459 --- [           main] liquibase.executor                       : Changelog query completed.
2023-11-03T20:06:36.648-05:00  INFO 28459 --- [           main] liquibase.lockservice                    : Successfully acquired change log lock
2023-11-03T20:06:36.803-05:00  INFO 28459 --- [           main] liquibase.changelog                      : Creating database history table with name: junecouriernetwork.DATABASECHANGELOG
2023-11-03T20:06:36.946-05:00  INFO 28459 --- [           main] liquibase.executor                       : Changelog query completed.
2023-11-03T20:06:37.048-05:00  INFO 28459 --- [           main] liquibase.changelog                      : Reading from junecouriernetwork.DATABASECHANGELOG
2023-11-03T20:06:37.101-05:00  INFO 28459 --- [           main] liquibase.executor                       : Changelog query completed.
2023-11-03T20:06:37.258-05:00  INFO 28459 --- [           main] liquibase.executor                       : Changelog query completed.
Running Changeset: db/changelog/migration/001/001_create_user_table.sql::001_create_user_table::junecourieradmin.com
2023-11-03T20:06:37.694-05:00  INFO 28459 --- [           main] liquibase.changelog                      : Custom SQL executed
2023-11-03T20:06:37.746-05:00  INFO 28459 --- [           main] liquibase.changelog                      : ChangeSet db/changelog/migration/001/001_create_user_table.sql::001_create_user_table::junecourieradmin.com ran successfully in 303ms
2023-11-03T20:06:37.801-05:00  INFO 28459 --- [           main] liquibase.executor                       : Changelog query completed.
2023-11-03T20:06:37.898-05:00  INFO 28459 --- [           main] liquibase.executor                       : Changelog query completed.
Running Changeset: db/changelog/migration/001/002_create_token_table.sql::002_create_token_table::junecourieradmin.com
2023-11-03T20:06:38.400-05:00  INFO 28459 --- [           main] liquibase.changelog                      : Custom SQL executed
2023-11-03T20:06:38.448-05:00  INFO 28459 --- [           main] liquibase.changelog                      : ChangeSet db/changelog/migration/001/002_create_token_table.sql::002_create_token_table::junecourieradmin.com ran successfully in 444ms
2023-11-03T20:06:38.544-05:00  INFO 28459 --- [           main] liquibase.executor                       : Changelog query completed.
Running Changeset: db/changelog/migration/001/003_create_courier_user_table.sql::003_create_courier_user_table::junecourieradmin.com
2023-11-03T20:06:39.015-05:00  INFO 28459 --- [           main] liquibase.changelog                      : Custom SQL executed
2023-11-03T20:06:39.061-05:00  INFO 28459 --- [           main] liquibase.changelog                      : ChangeSet db/changelog/migration/001/003_create_courier_user_table.sql::003_create_courier_user_table::junecourieradmin.com ran successfully in 413ms
2023-11-03T20:06:39.157-05:00  INFO 28459 --- [           main] liquibase.executor                       : Changelog query completed.
Running Changeset: db/changelog/migration/001/004_create_warehouse_clerk_user_table.sql::004_create_warehouse_clerk_user_table::junecourieradmin.com
2023-11-03T20:06:39.621-05:00  INFO 28459 --- [           main] liquibase.changelog                      : Custom SQL executed
2023-11-03T20:06:39.669-05:00  INFO 28459 --- [           main] liquibase.changelog                      : ChangeSet db/changelog/migration/001/004_create_warehouse_clerk_user_table.sql::004_create_warehouse_clerk_user_table::junecourieradmin.com ran successfully in 412ms
2023-11-03T20:06:39.767-05:00  INFO 28459 --- [           main] liquibase.executor                       : Changelog query completed.
Running Changeset: db/changelog/migration/001/005_create_customer_user_table.sql::005_create_customer_user_table::junecourieradmin.com
2023-11-03T20:06:40.269-05:00  INFO 28459 --- [           main] liquibase.changelog                      : Custom SQL executed
2023-11-03T20:06:40.321-05:00  INFO 28459 --- [           main] liquibase.changelog                      : ChangeSet db/changelog/migration/001/005_create_customer_user_table.sql::005_create_customer_user_table::junecourieradmin.com ran successfully in 443ms
2023-11-03T20:06:40.431-05:00  INFO 28459 --- [           main] liquibase.executor                       : Changelog query completed.
Running Changeset: db/changelog/migration/001/006_create_shipment_table.sql::006_create_shipment_table::junecourieradmin.com
2023-11-03T20:06:40.904-05:00  INFO 28459 --- [           main] liquibase.changelog                      : Custom SQL executed
2023-11-03T20:06:40.960-05:00  INFO 28459 --- [           main] liquibase.changelog                      : ChangeSet db/changelog/migration/001/006_create_shipment_table.sql::006_create_shipment_table::junecourieradmin.com ran successfully in 420ms
2023-11-03T20:06:41.158-05:00  INFO 28459 --- [           main] liquibase.executor                       : Changelog query completed.
Running Changeset: db/changelog/migration/001/007_create_admin_user_table.sql::007_create_admin_user_table::junecourieradmin.com
2023-11-03T20:06:41.641-05:00  INFO 28459 --- [           main] liquibase.changelog                      : Custom SQL executed
2023-11-03T20:06:41.689-05:00  INFO 28459 --- [           main] liquibase.changelog                      : ChangeSet db/changelog/migration/001/007_create_admin_user_table.sql::007_create_admin_user_table::junecourieradmin.com ran successfully in 429ms
2023-11-03T20:06:41.791-05:00  INFO 28459 --- [           main] liquibase.executor                       : Changelog query completed.
Running Changeset: db/changelog/migration/001/008_create_customer_package_details_table.sql::008_create_customer_package_details_table::junecourieradmin.com
2023-11-03T20:06:42.422-05:00  INFO 28459 --- [           main] liquibase.changelog                      : Custom SQL executed
2023-11-03T20:06:42.469-05:00  INFO 28459 --- [           main] liquibase.changelog                      : ChangeSet db/changelog/migration/001/008_create_customer_package_details_table.sql::008_create_customer_package_details_table::junecourieradmin.com ran successfully in 567ms
2023-11-03T20:06:42.570-05:00  INFO 28459 --- [           main] liquibase.executor                       : Changelog query completed.
Running Changeset: db/changelog/migration/001/009_create_delivery_details_table.sql::009_create_delivery_details_table::junecourieradmin.com
2023-11-03T20:06:43.348-05:00  INFO 28459 --- [           main] liquibase.changelog                      : Custom SQL executed
2023-11-03T20:06:43.397-05:00  INFO 28459 --- [           main] liquibase.changelog                      : ChangeSet db/changelog/migration/001/009_create_delivery_details_table.sql::009_create_delivery_details_table::junecourieradmin.com ran successfully in 726ms
2023-11-03T20:06:43.495-05:00  INFO 28459 --- [           main] liquibase.executor                       : Changelog query completed.
Running Changeset: db/changelog/migration/001/010_alter_delivery_details_table.sql::010_alter_delivery_details_table::junecourieradmin.com
2023-11-03T20:06:44.107-05:00  INFO 28459 --- [           main] liquibase.changelog                      : Custom SQL executed
2023-11-03T20:06:44.154-05:00  INFO 28459 --- [           main] liquibase.changelog                      : ChangeSet db/changelog/migration/001/010_alter_delivery_details_table.sql::010_alter_delivery_details_table::junecourieradmin.com ran successfully in 551ms
2023-11-03T20:06:44.248-05:00  INFO 28459 --- [           main] liquibase.executor                       : Changelog query completed.
Running Changeset: db/changelog/migration/001/011_alter_delivery_details_table.sql::011_alter_delivery_details_table::junecourieradmin.com
2023-11-03T20:06:44.567-05:00  INFO 28459 --- [           main] liquibase.changelog                      : Custom SQL executed
2023-11-03T20:06:44.613-05:00  INFO 28459 --- [           main] liquibase.changelog                      : ChangeSet db/changelog/migration/001/011_alter_delivery_details_table.sql::011_alter_delivery_details_table::junecourieradmin.com ran successfully in 265ms
2023-11-03T20:06:44.707-05:00  INFO 28459 --- [           main] liquibase.executor                       : Changelog query completed.
Running Changeset: db/changelog/migration/001/012_create_transaction_table.sql::012_create_transaction_table::junecourieradmin.com
2023-11-03T20:06:45.298-05:00  INFO 28459 --- [           main] liquibase.changelog                      : Custom SQL executed
2023-11-03T20:06:45.346-05:00  INFO 28459 --- [           main] liquibase.changelog                      : ChangeSet db/changelog/migration/001/012_create_transaction_table.sql::012_create_transaction_table::junecourieradmin.com ran successfully in 537ms
2023-11-03T20:06:45.445-05:00  INFO 28459 --- [           main] liquibase.executor                       : Changelog query completed.
Running Changeset: db/changelog/migration/001/013_create_transaction_product_table.sql::012_create_transaction_table::junecourieradmin.com
2023-11-03T20:06:46.042-05:00  INFO 28459 --- [           main] liquibase.changelog                      : Custom SQL executed
2023-11-03T20:06:46.090-05:00  INFO 28459 --- [           main] liquibase.changelog                      : ChangeSet db/changelog/migration/001/013_create_transaction_product_table.sql::012_create_transaction_table::junecourieradmin.com ran successfully in 536ms
2023-11-03T20:06:46.184-05:00  INFO 28459 --- [           main] liquibase.executor                       : Changelog query completed.
Running Changeset: db/changelog/migration/001/014_create_delivery_product_table.sql::014_create_delivery_product_table::junecourieradmin.com
2023-11-03T20:06:46.809-05:00  INFO 28459 --- [           main] liquibase.changelog                      : Custom SQL executed
2023-11-03T20:06:46.862-05:00  INFO 28459 --- [           main] liquibase.changelog                      : ChangeSet db/changelog/migration/001/014_create_delivery_product_table.sql::014_create_delivery_product_table::junecourieradmin.com ran successfully in 574ms
2023-11-03T20:06:46.957-05:00  INFO 28459 --- [           main] liquibase.executor                       : Changelog query completed.
Running Changeset: db/changelog/migration/001/015_alter_delivery_details_table_drop_product_id.sql::015_alter_delivery_details_table_drop_product_id::junecourieradmin.com
2023-11-03T20:06:47.429-05:00  INFO 28459 --- [           main] liquibase.changelog                      : Custom SQL executed
2023-11-03T20:06:47.476-05:00  INFO 28459 --- [           main] liquibase.changelog                      : ChangeSet db/changelog/migration/001/015_alter_delivery_details_table_drop_product_id.sql::015_alter_delivery_details_table_drop_product_id::junecourieradmin.com ran successfully in 420ms
2023-11-03T20:06:47.588-05:00  INFO 28459 --- [           main] liquibase.executor                       : Changelog query completed.
Running Changeset: db/changelog/migration/001/016_alter_customer_package_details.sql::015_alter_delivery_details_table_drop_product_id::junecourieradmin.com
2023-11-03T20:06:47.941-05:00  INFO 28459 --- [           main] liquibase.changelog                      : Custom SQL executed
2023-11-03T20:06:47.989-05:00  INFO 28459 --- [           main] liquibase.changelog                      : ChangeSet db/changelog/migration/001/016_alter_customer_package_details.sql::015_alter_delivery_details_table_drop_product_id::junecourieradmin.com ran successfully in 277ms
2023-11-03T20:06:48.082-05:00  INFO 28459 --- [           main] liquibase.executor                       : Changelog query completed.
Running Changeset: db/changelog/migration/001/017_alter_delivery_details_table_shipping_fee.sql::017_alter_delivery_details_table_shipping_fee::junecourieradmin.com
2023-11-03T20:06:48.409-05:00  INFO 28459 --- [           main] liquibase.changelog                      : Custom SQL executed
2023-11-03T20:06:48.455-05:00  INFO 28459 --- [           main] liquibase.changelog                      : ChangeSet db/changelog/migration/001/017_alter_delivery_details_table_shipping_fee.sql::017_alter_delivery_details_table_shipping_fee::junecourieradmin.com ran successfully in 261ms
2023-11-03T20:06:48.566-05:00  INFO 28459 --- [           main] liquibase.executor                       : Changelog query completed.
Running Changeset: db/changelog/migration/001/018_alter_delivery_details.sql::018_alter_delivery_details::junecourieradmin.com
2023-11-03T20:06:48.892-05:00  INFO 28459 --- [           main] liquibase.changelog                      : Custom SQL executed
2023-11-03T20:06:48.939-05:00  INFO 28459 --- [           main] liquibase.changelog                      : ChangeSet db/changelog/migration/001/018_alter_delivery_details.sql::018_alter_delivery_details::junecourieradmin.com ran successfully in 272ms
2023-11-03T20:06:49.035-05:00  INFO 28459 --- [           main] liquibase.executor                       : Changelog query completed.
Running Changeset: db/changelog/migration/001/019_alter_customer_package_details.sql::019_alter_customer_package_details::junecourieradmin.com
2023-11-03T20:06:49.393-05:00  INFO 28459 --- [           main] liquibase.changelog                      : Custom SQL executed
2023-11-03T20:06:49.471-05:00  INFO 28459 --- [           main] liquibase.changelog                      : ChangeSet db/changelog/migration/001/019_alter_customer_package_details.sql::019_alter_customer_package_details::junecourieradmin.com ran successfully in 307ms
2023-11-03T20:06:49.569-05:00  INFO 28459 --- [           main] liquibase.executor                       : Changelog query completed.
2023-11-03T20:06:49.680-05:00  INFO 28459 --- [           main] liquibase                                : Update command completed successfully.
2023-11-03T20:06:49.778-05:00  INFO 28459 --- [           main] liquibase.executor                       : Changelog query completed.
2023-11-03T20:06:49.831-05:00  INFO 28459 --- [           main] liquibase.lockservice                    : Successfully released change log lock
2023-11-03T20:06:50.093-05:00  INFO 28459 --- [           main] o.hibernate.jpa.internal.util.LogHelper  : HHH000204: Processing PersistenceUnitInfo [name: default]
2023-11-03T20:06:50.195-05:00  INFO 28459 --- [           main] org.hibernate.Version                    : HHH000412: Hibernate ORM core version 6.2.6.Final
2023-11-03T20:06:50.197-05:00  INFO 28459 --- [           main] org.hibernate.cfg.Environment            : HHH000406: Using bytecode reflection optimizer
2023-11-03T20:06:50.447-05:00  INFO 28459 --- [           main] o.h.b.i.BytecodeProviderInitiator        : HHH000021: Bytecode provider name : bytebuddy
2023-11-03T20:06:50.804-05:00  INFO 28459 --- [           main] o.s.o.j.p.SpringPersistenceUnitInfo      : No LoadTimeWeaver setup: ignoring JPA class transformer
2023-11-03T20:06:51.129-05:00  INFO 28459 --- [           main] o.h.b.i.BytecodeProviderInitiator        : HHH000021: Bytecode provider name : bytebuddy
2023-11-03T20:06:51.443-05:00  INFO 28459 --- [           main] o.h.e.t.j.p.i.JtaPlatformInitiator       : HHH000490: Using JtaPlatform implementation: [org.hibernate.engine.transaction.jta.platform.internal.NoJtaPlatform]
2023-11-03T20:06:51.449-05:00  INFO 28459 --- [           main] j.LocalContainerEntityManagerFactoryBean : Initialized JPA EntityManagerFactory for persistence unit 'default'
2023-11-03T20:06:52.323-05:00  WARN 28459 --- [           main] JpaBaseConfiguration$JpaWebConfiguration : spring.jpa.open-in-view is enabled by default. Therefore, database queries may be performed during view rendering. Explicitly configure spring.jpa.open-in-view to disable this warning
2023-11-03T20:06:53.246-05:00  INFO 28459 --- [           main] o.s.s.web.DefaultSecurityFilterChain     : Will secure any request with [org.springframework.security.web.session.DisableEncodeUrlFilter@63c163e1, org.springframework.security.web.context.request.async.WebAsyncManagerIntegrationFilter@3da55998, org.springframework.security.web.context.SecurityContextHolderFilter@3f5e64c9, org.springframework.security.web.header.HeaderWriterFilter@524c3e54, org.springframework.security.web.authentication.logout.LogoutFilter@682d8dad, com.June.CourierNetwork.Auth.JwtAuthenticationFilter@f5167f0, org.springframework.security.web.savedrequest.RequestCacheAwareFilter@3d00e981, org.springframework.security.web.servletapi.SecurityContextHolderAwareRequestFilter@6265a548, org.springframework.security.web.authentication.AnonymousAuthenticationFilter@40ebb56, org.springframework.security.web.session.SessionManagementFilter@41dc34c8, org.springframework.security.web.access.ExceptionTranslationFilter@3c862522, org.springframework.security.web.access.intercept.AuthorizationFilter@99af41d]
2023-11-03T20:06:54.215-05:00  INFO 28459 --- [           main] c.J.C.CourierNetworkApplicationTests     : Started CourierNetworkApplicationTests in 29.168 seconds (process running for 33.454)
]]></system-out>
  </testcase>
</testsuite>