<?xml version="1.0" encoding="UTF-8"?>
<testsuite xmlns:xsi="http://www.w3.org/2001/XMLSchema-instance" xsi:noNamespaceSchemaLocation="https://maven.apache.org/surefire/maven-surefire-plugin/xsd/surefire-test-report-3.0.xsd" version="3.0" name="com.June.CourierNetwork.CourierNetworkApplicationTests" time="24.073" tests="1" errors="0" skipped="0" failures="0">
  <properties>
[...]
</properties>
  <testcase name="contextLoads" classname="com.June.CourierNetwork.CourierNetworkApplicationTests" time="0.91">
    <system-out><![CDATA[20:25:11.947 [main] INFO org.springframework.test.context.support.AnnotationConfigContextLoaderUtils -- Could not detect default configuration classes for test class [com.June.CourierNetwork.CourierNetworkApplicationTests]: CourierNetworkApplicationTests does not declare any static, non-private, non-final, nested classes annotated with @Configuration.
20:25:12.190 [main] INFO org.springframework.boot.test.context.SpringBootTestContextBootstrapper -- Found @SpringBootConfiguration com.June.CourierNetwork.CourierNetworkApplication for test class com.June.CourierNetwork.CourierNetworkApplicationTests

  .   ____          _            __ _ _
 /\\ / ___'_ __ _ _(_)_ __  __ _ \ \ \ \
( ( )\___ | '_ | '_| | '_ \/ _` | \ \ \ \
 \\/  ___)| |_)| | | | | || (_| |  ) ) ) )
  '  |____| .__|_| |_|_| |_\__, | / / / /
 =========|_|==============|___/=/_/_/_/
 :: Spring Boot ::                (v3.1.2)

2023-11-03T20:25:13.043-05:00  INFO 28602 --- [           main] c.J.C.CourierNetworkApplicationTests     : Starting CourierNetworkApplicationTests using Java 17.0.9 with PID 28602 (started by shemarlundy in /Users/shemarlundy/Desktop/Backend-Infrastructure)
2023-11-03T20:25:13.046-05:00  INFO 28602 --- [           main] c.J.C.CourierNetworkApplicationTests     : No active profile set, falling back to 1 default profile: "default"
2023-11-03T20:25:14.817-05:00  INFO 28602 --- [           main] .s.d.r.c.RepositoryConfigurationDelegate : Bootstrapping Spring Data JPA repositories in DEFAULT mode.
2023-11-03T20:25:14.883-05:00  INFO 28602 --- [           main] .s.d.r.c.RepositoryConfigurationDelegate : Finished Spring Data repository scanning in 49 ms. Found 0 JPA repository interfaces.
2023-11-03T20:25:15.781-05:00  INFO 28602 --- [           main] com.zaxxer.hikari.HikariDataSource       : HikariPool-1 - Starting...
2023-11-03T20:25:16.994-05:00  INFO 28602 --- [           main] com.zaxxer.hikari.pool.HikariPool        : HikariPool-1 - Added connection com.mysql.cj.jdbc.ConnectionImpl@5ec9eefa
2023-11-03T20:25:16.998-05:00  INFO 28602 --- [           main] com.zaxxer.hikari.HikariDataSource       : HikariPool-1 - Start completed.
2023-11-03T20:25:17.592-05:00  INFO 28602 --- [           main] liquibase.changelog                      : Reading resource: db/changelog/migration/001/001_create_user_table.sql
2023-11-03T20:25:17.610-05:00  INFO 28602 --- [           main] liquibase.changelog                      : Reading resource: db/changelog/migration/001/002_create_token_table.sql
2023-11-03T20:25:17.614-05:00  INFO 28602 --- [           main] liquibase.changelog                      : Reading resource: db/changelog/migration/001/003_create_courier_user_table.sql
2023-11-03T20:25:17.620-05:00  INFO 28602 --- [           main] liquibase.changelog                      : Reading resource: db/changelog/migration/001/004_create_warehouse_clerk_user_table.sql
2023-11-03T20:25:17.667-05:00  INFO 28602 --- [           main] liquibase.changelog                      : Reading resource: db/changelog/migration/001/005_create_customer_user_table.sql
2023-11-03T20:25:17.673-05:00  INFO 28602 --- [           main] liquibase.changelog                      : Reading resource: db/changelog/migration/001/006_create_shipment_table.sql
2023-11-03T20:25:17.683-05:00  INFO 28602 --- [           main] liquibase.changelog                      : Reading resource: db/changelog/migration/001/007_create_admin_user_table.sql
2023-11-03T20:25:17.689-05:00  INFO 28602 --- [           main] liquibase.changelog                      : Reading resource: db/changelog/migration/001/008_create_customer_package_details_table.sql
2023-11-03T20:25:17.703-05:00  INFO 28602 --- [           main] liquibase.changelog                      : Reading resource: db/changelog/migration/001/009_create_delivery_details_table.sql
2023-11-03T20:25:17.710-05:00  INFO 28602 --- [           main] liquibase.changelog                      : Reading resource: db/changelog/migration/001/010_alter_delivery_details_table.sql
2023-11-03T20:25:17.717-05:00  INFO 28602 --- [           main] liquibase.changelog                      : Reading resource: db/changelog/migration/001/011_alter_delivery_details_table.sql
2023-11-03T20:25:17.721-05:00  INFO 28602 --- [           main] liquibase.changelog                      : Reading resource: db/changelog/migration/001/012_create_transaction_table.sql
2023-11-03T20:25:17.725-05:00  INFO 28602 --- [           main] liquibase.changelog                      : Reading resource: db/changelog/migration/001/013_create_transaction_product_table.sql
2023-11-03T20:25:17.732-05:00  INFO 28602 --- [           main] liquibase.changelog                      : Reading resource: db/changelog/migration/001/014_create_delivery_product_table.sql
2023-11-03T20:25:17.736-05:00  INFO 28602 --- [           main] liquibase.changelog                      : Reading resource: db/changelog/migration/001/015_alter_delivery_details_table_drop_product_id.sql
2023-11-03T20:25:17.739-05:00  INFO 28602 --- [           main] liquibase.changelog                      : Reading resource: db/changelog/migration/001/016_alter_customer_package_details.sql
2023-11-03T20:25:17.744-05:00  INFO 28602 --- [           main] liquibase.changelog                      : Reading resource: db/changelog/migration/001/017_alter_delivery_details_table_shipping_fee.sql
2023-11-03T20:25:17.748-05:00  INFO 28602 --- [           main] liquibase.changelog                      : Reading resource: db/changelog/migration/001/018_alter_delivery_details.sql
2023-11-03T20:25:17.752-05:00  INFO 28602 --- [           main] liquibase.changelog                      : Reading resource: db/changelog/migration/001/019_alter_customer_package_details.sql
2023-11-03T20:25:18.376-05:00  INFO 28602 --- [           main] liquibase.executor                       : Changelog query completed.
2023-11-03T20:25:18.503-05:00  INFO 28602 --- [           main] liquibase.executor                       : Changelog query completed.
2023-11-03T20:25:18.692-05:00  INFO 28602 --- [           main] liquibase.executor                       : Changelog query completed.
2023-11-03T20:25:18.826-05:00  INFO 28602 --- [           main] liquibase.executor                       : Changelog query completed.
2023-11-03T20:25:18.878-05:00  INFO 28602 --- [           main] liquibase.executor                       : Changelog query completed.
2023-11-03T20:25:18.931-05:00  INFO 28602 --- [           main] liquibase.lockservice                    : Successfully acquired change log lock
2023-11-03T20:25:19.065-05:00  INFO 28602 --- [           main] liquibase.changelog                      : Creating database history table with name: JuneCourierNetwork.DATABASECHANGELOG
2023-11-03T20:25:19.206-05:00  INFO 28602 --- [           main] liquibase.executor                       : Changelog query completed.
2023-11-03T20:25:19.304-05:00  INFO 28602 --- [           main] liquibase.changelog                      : Reading from JuneCourierNetwork.DATABASECHANGELOG
2023-11-03T20:25:19.372-05:00  INFO 28602 --- [           main] liquibase.executor                       : Changelog query completed.
2023-11-03T20:25:19.515-05:00  INFO 28602 --- [           main] liquibase.executor                       : Changelog query completed.
Running Changeset: db/changelog/migration/001/001_create_user_table.sql::001_create_user_table::junecourieradmin.com
2023-11-03T20:25:19.967-05:00  INFO 28602 --- [           main] liquibase.changelog                      : Custom SQL executed
2023-11-03T20:25:20.020-05:00  INFO 28602 --- [           main] liquibase.changelog                      : ChangeSet db/changelog/migration/001/001_create_user_table.sql::001_create_user_table::junecourieradmin.com ran successfully in 306ms
2023-11-03T20:25:20.073-05:00  INFO 28602 --- [           main] liquibase.executor                       : Changelog query completed.
2023-11-03T20:25:20.176-05:00  INFO 28602 --- [           main] liquibase.executor                       : Changelog query completed.
Running Changeset: db/changelog/migration/001/002_create_token_table.sql::002_create_token_table::junecourieradmin.com
2023-11-03T20:25:20.658-05:00  INFO 28602 --- [           main] liquibase.changelog                      : Custom SQL executed
2023-11-03T20:25:20.722-05:00  INFO 28602 --- [           main] liquibase.changelog                      : ChangeSet db/changelog/migration/001/002_create_token_table.sql::002_create_token_table::junecourieradmin.com ran successfully in 442ms
2023-11-03T20:25:20.831-05:00  INFO 28602 --- [           main] liquibase.executor                       : Changelog query completed.
Running Changeset: db/changelog/migration/001/003_create_courier_user_table.sql::003_create_courier_user_table::junecourieradmin.com
2023-11-03T20:25:21.289-05:00  INFO 28602 --- [           main] liquibase.changelog                      : Custom SQL executed
2023-11-03T20:25:21.338-05:00  INFO 28602 --- [           main] liquibase.changelog                      : ChangeSet db/changelog/migration/001/003_create_courier_user_table.sql::003_create_courier_user_table::junecourieradmin.com ran successfully in 411ms
2023-11-03T20:25:21.450-05:00  INFO 28602 --- [           main] liquibase.executor                       : Changelog query completed.
Running Changeset: db/changelog/migration/001/004_create_warehouse_clerk_user_table.sql::004_create_warehouse_clerk_user_table::junecourieradmin.com
2023-11-03T20:25:21.908-05:00  INFO 28602 --- [           main] liquibase.changelog                      : Custom SQL executed
2023-11-03T20:25:21.955-05:00  INFO 28602 --- [           main] liquibase.changelog                      : ChangeSet db/changelog/migration/001/004_create_warehouse_clerk_user_table.sql::004_create_warehouse_clerk_user_table::junecourieradmin.com ran successfully in 405ms
2023-11-03T20:25:22.048-05:00  INFO 28602 --- [           main] liquibase.executor                       : Changelog query completed.
Running Changeset: db/changelog/migration/001/005_create_customer_user_table.sql::005_create_customer_user_table::junecourieradmin.com
2023-11-03T20:25:22.505-05:00  INFO 28602 --- [           main] liquibase.changelog                      : Custom SQL executed
2023-11-03T20:25:22.554-05:00  INFO 28602 --- [           main] liquibase.changelog                      : ChangeSet db/changelog/migration/001/005_create_customer_user_table.sql::005_create_customer_user_table::junecourieradmin.com ran successfully in 406ms
2023-11-03T20:25:22.648-05:00  INFO 28602 --- [           main] liquibase.executor                       : Changelog query completed.
Running Changeset: db/changelog/migration/001/006_create_shipment_table.sql::006_create_shipment_table::junecourieradmin.com
2023-11-03T20:25:22.969-05:00  INFO 28602 --- [           main] liquibase.changelog                      : Custom SQL executed
2023-11-03T20:25:23.017-05:00  INFO 28602 --- [           main] liquibase.changelog                      : ChangeSet db/changelog/migration/001/006_create_shipment_table.sql::006_create_shipment_table::junecourieradmin.com ran successfully in 271ms
2023-11-03T20:25:23.117-05:00  INFO 28602 --- [           main] liquibase.executor                       : Changelog query completed.
Running Changeset: db/changelog/migration/001/007_create_admin_user_table.sql::007_create_admin_user_table::junecourieradmin.com
2023-11-03T20:25:23.569-05:00  INFO 28602 --- [           main] liquibase.changelog                      : Custom SQL executed
2023-11-03T20:25:23.616-05:00  INFO 28602 --- [           main] liquibase.changelog                      : ChangeSet db/changelog/migration/001/007_create_admin_user_table.sql::007_create_admin_user_table::junecourieradmin.com ran successfully in 395ms
2023-11-03T20:25:23.713-05:00  INFO 28602 --- [           main] liquibase.executor                       : Changelog query completed.
Running Changeset: db/changelog/migration/001/008_create_customer_package_details_table.sql::008_create_customer_package_details_table::junecourieradmin.com
2023-11-03T20:25:24.288-05:00  INFO 28602 --- [           main] liquibase.changelog                      : Custom SQL executed
2023-11-03T20:25:24.339-05:00  INFO 28602 --- [           main] liquibase.changelog                      : ChangeSet db/changelog/migration/001/008_create_customer_package_details_table.sql::008_create_customer_package_details_table::junecourieradmin.com ran successfully in 528ms
2023-11-03T20:25:24.443-05:00  INFO 28602 --- [           main] liquibase.executor                       : Changelog query completed.
Running Changeset: db/changelog/migration/001/009_create_delivery_details_table.sql::009_create_delivery_details_table::junecourieradmin.com
2023-11-03T20:25:25.233-05:00  INFO 28602 --- [           main] liquibase.changelog                      : Custom SQL executed
2023-11-03T20:25:25.279-05:00  INFO 28602 --- [           main] liquibase.changelog                      : ChangeSet db/changelog/migration/001/009_create_delivery_details_table.sql::009_create_delivery_details_table::junecourieradmin.com ran successfully in 733ms
2023-11-03T20:25:25.595-05:00  INFO 28602 --- [           main] liquibase.executor                       : Changelog query completed.
Running Changeset: db/changelog/migration/001/010_alter_delivery_details_table.sql::010_alter_delivery_details_table::junecourieradmin.com
2023-11-03T20:25:25.953-05:00  INFO 28602 --- [           main] liquibase.changelog                      : Custom SQL executed
2023-11-03T20:25:26.000-05:00  INFO 28602 --- [           main] liquibase.changelog                      : ChangeSet db/changelog/migration/001/010_alter_delivery_details_table.sql::010_alter_delivery_details_table::junecourieradmin.com ran successfully in 306ms
2023-11-03T20:25:26.094-05:00  INFO 28602 --- [           main] liquibase.executor                       : Changelog query completed.
Running Changeset: db/changelog/migration/001/011_alter_delivery_details_table.sql::011_alter_delivery_details_table::junecourieradmin.com
2023-11-03T20:25:26.456-05:00  INFO 28602 --- [           main] liquibase.changelog                      : Custom SQL executed
2023-11-03T20:25:26.514-05:00  INFO 28602 --- [           main] liquibase.changelog                      : ChangeSet db/changelog/migration/001/011_alter_delivery_details_table.sql::011_alter_delivery_details_table::junecourieradmin.com ran successfully in 313ms
2023-11-03T20:25:26.619-05:00  INFO 28602 --- [           main] liquibase.executor                       : Changelog query completed.
Running Changeset: db/changelog/migration/001/012_create_transaction_table.sql::012_create_transaction_table::junecourieradmin.com
2023-11-03T20:25:27.210-05:00  INFO 28602 --- [           main] liquibase.changelog                      : Custom SQL executed
2023-11-03T20:25:27.257-05:00  INFO 28602 --- [           main] liquibase.changelog                      : ChangeSet db/changelog/migration/001/012_create_transaction_table.sql::012_create_transaction_table::junecourieradmin.com ran successfully in 535ms
2023-11-03T20:25:27.356-05:00  INFO 28602 --- [           main] liquibase.executor                       : Changelog query completed.
Running Changeset: db/changelog/migration/001/013_create_transaction_product_table.sql::012_create_transaction_table::junecourieradmin.com
2023-11-03T20:25:27.936-05:00  INFO 28602 --- [           main] liquibase.changelog                      : Custom SQL executed
2023-11-03T20:25:27.982-05:00  INFO 28602 --- [           main] liquibase.changelog                      : ChangeSet db/changelog/migration/001/013_create_transaction_product_table.sql::012_create_transaction_table::junecourieradmin.com ran successfully in 529ms
2023-11-03T20:25:28.083-05:00  INFO 28602 --- [           main] liquibase.executor                       : Changelog query completed.
Running Changeset: db/changelog/migration/001/014_create_delivery_product_table.sql::014_create_delivery_product_table::junecourieradmin.com
2023-11-03T20:25:28.698-05:00  INFO 28602 --- [           main] liquibase.changelog                      : Custom SQL executed
2023-11-03T20:25:28.747-05:00  INFO 28602 --- [           main] liquibase.changelog                      : ChangeSet db/changelog/migration/001/014_create_delivery_product_table.sql::014_create_delivery_product_table::junecourieradmin.com ran successfully in 550ms
2023-11-03T20:25:28.845-05:00  INFO 28602 --- [           main] liquibase.executor                       : Changelog query completed.
Running Changeset: db/changelog/migration/001/015_alter_delivery_details_table_drop_product_id.sql::015_alter_delivery_details_table_drop_product_id::junecourieradmin.com
2023-11-03T20:25:29.318-05:00  INFO 28602 --- [           main] liquibase.changelog                      : Custom SQL executed
2023-11-03T20:25:29.364-05:00  INFO 28602 --- [           main] liquibase.changelog                      : ChangeSet db/changelog/migration/001/015_alter_delivery_details_table_drop_product_id.sql::015_alter_delivery_details_table_drop_product_id::junecourieradmin.com ran successfully in 414ms
2023-11-03T20:25:29.460-05:00  INFO 28602 --- [           main] liquibase.executor                       : Changelog query completed.
Running Changeset: db/changelog/migration/001/016_alter_customer_package_details.sql::015_alter_delivery_details_table_drop_product_id::junecourieradmin.com
2023-11-03T20:25:29.785-05:00  INFO 28602 --- [           main] liquibase.changelog                      : Custom SQL executed
2023-11-03T20:25:29.845-05:00  INFO 28602 --- [           main] liquibase.changelog                      : ChangeSet db/changelog/migration/001/016_alter_customer_package_details.sql::015_alter_delivery_details_table_drop_product_id::junecourieradmin.com ran successfully in 280ms
2023-11-03T20:25:29.939-05:00  INFO 28602 --- [           main] liquibase.executor                       : Changelog query completed.
Running Changeset: db/changelog/migration/001/017_alter_delivery_details_table_shipping_fee.sql::017_alter_delivery_details_table_shipping_fee::junecourieradmin.com
2023-11-03T20:25:30.252-05:00  INFO 28602 --- [           main] liquibase.changelog                      : Custom SQL executed
2023-11-03T20:25:30.298-05:00  INFO 28602 --- [           main] liquibase.changelog                      : ChangeSet db/changelog/migration/001/017_alter_delivery_details_table_shipping_fee.sql::017_alter_delivery_details_table_shipping_fee::junecourieradmin.com ran successfully in 256ms
2023-11-03T20:25:30.395-05:00  INFO 28602 --- [           main] liquibase.executor                       : Changelog query completed.
Running Changeset: db/changelog/migration/001/018_alter_delivery_details.sql::018_alter_delivery_details::junecourieradmin.com
2023-11-03T20:25:30.728-05:00  INFO 28602 --- [           main] liquibase.changelog                      : Custom SQL executed
2023-11-03T20:25:30.776-05:00  INFO 28602 --- [           main] liquibase.changelog                      : ChangeSet db/changelog/migration/001/018_alter_delivery_details.sql::018_alter_delivery_details::junecourieradmin.com ran successfully in 276ms
2023-11-03T20:25:30.874-05:00  INFO 28602 --- [           main] liquibase.executor                       : Changelog query completed.
Running Changeset: db/changelog/migration/001/019_alter_customer_package_details.sql::019_alter_customer_package_details::junecourieradmin.com
2023-11-03T20:25:31.196-05:00  INFO 28602 --- [           main] liquibase.changelog                      : Custom SQL executed
2023-11-03T20:25:31.242-05:00  INFO 28602 --- [           main] liquibase.changelog                      : ChangeSet db/changelog/migration/001/019_alter_customer_package_details.sql::019_alter_customer_package_details::junecourieradmin.com ran successfully in 268ms
2023-11-03T20:25:31.338-05:00  INFO 28602 --- [           main] liquibase.executor                       : Changelog query completed.
2023-11-03T20:25:31.448-05:00  INFO 28602 --- [           main] liquibase                                : Update command completed successfully.
2023-11-03T20:25:31.544-05:00  INFO 28602 --- [           main] liquibase.executor                       : Changelog query completed.
2023-11-03T20:25:31.596-05:00  INFO 28602 --- [           main] liquibase.lockservice                    : Successfully released change log lock
2023-11-03T20:25:31.862-05:00  INFO 28602 --- [           main] o.hibernate.jpa.internal.util.LogHelper  : HHH000204: Processing PersistenceUnitInfo [name: default]
2023-11-03T20:25:31.960-05:00  INFO 28602 --- [           main] org.hibernate.Version                    : HHH000412: Hibernate ORM core version 6.2.6.Final
2023-11-03T20:25:31.962-05:00  INFO 28602 --- [           main] org.hibernate.cfg.Environment            : HHH000406: Using bytecode reflection optimizer
2023-11-03T20:25:32.220-05:00  INFO 28602 --- [           main] o.h.b.i.BytecodeProviderInitiator        : HHH000021: Bytecode provider name : bytebuddy
2023-11-03T20:25:32.417-05:00  INFO 28602 --- [           main] o.s.o.j.p.SpringPersistenceUnitInfo      : No LoadTimeWeaver setup: ignoring JPA class transformer
2023-11-03T20:25:32.724-05:00  INFO 28602 --- [           main] o.h.b.i.BytecodeProviderInitiator        : HHH000021: Bytecode provider name : bytebuddy
2023-11-03T20:25:33.032-05:00  INFO 28602 --- [           main] o.h.e.t.j.p.i.JtaPlatformInitiator       : HHH000490: Using JtaPlatform implementation: [org.hibernate.engine.transaction.jta.platform.internal.NoJtaPlatform]
2023-11-03T20:25:33.038-05:00  INFO 28602 --- [           main] j.LocalContainerEntityManagerFactoryBean : Initialized JPA EntityManagerFactory for persistence unit 'default'
2023-11-03T20:25:33.607-05:00  WARN 28602 --- [           main] JpaBaseConfiguration$JpaWebConfiguration : spring.jpa.open-in-view is enabled by default. Therefore, database queries may be performed during view rendering. Explicitly configure spring.jpa.open-in-view to disable this warning
2023-11-03T20:25:34.138-05:00  INFO 28602 --- [           main] o.s.s.web.DefaultSecurityFilterChain     : Will secure any request with [org.springframework.security.web.session.DisableEncodeUrlFilter@12051d38, org.springframework.security.web.context.request.async.WebAsyncManagerIntegrationFilter@28f3a218, org.springframework.security.web.context.SecurityContextHolderFilter@2eb9c7ad, org.springframework.security.web.header.HeaderWriterFilter@3d01b609, org.springframework.security.web.authentication.logout.LogoutFilter@391b03b, com.June.CourierNetwork.Auth.JwtAuthenticationFilter@6b576ff8, org.springframework.security.web.savedrequest.RequestCacheAwareFilter@6addfa22, org.springframework.security.web.servletapi.SecurityContextHolderAwareRequestFilter@74b521c, org.springframework.security.web.authentication.AnonymousAuthenticationFilter@67730dab, org.springframework.security.web.session.SessionManagementFilter@64d1f549, org.springframework.security.web.access.ExceptionTranslationFilter@2053b761, org.springframework.security.web.access.intercept.AuthorizationFilter@3d00e981]
2023-11-03T20:25:34.768-05:00  INFO 28602 --- [           main] c.J.C.CourierNetworkApplicationTests     : Started CourierNetworkApplicationTests in 22.242 seconds (process running for 24.476)
]]></system-out>
  </testcase>
</testsuite>